13:10:01.930 [background-preinit] INFO  o.h.v.i.util.Version - [<clinit>,21] - HV000001: Hibernate Validator 8.0.1.Final
13:10:01.963 [main] INFO  c.b.w.BroadApplication - [logStarting,50] - Starting BroadApplication using Java 21.0.2 with PID 15196 (D:\dev\IdeaProjects\broad-admin-service\broad-admin\target\classes started by 10322 in D:\dev\IdeaProjects\broad-admin-service\broad-admin)
13:10:01.964 [main] INFO  c.b.w.BroadApplication - [logStartupProfileInfo,668] - The following 2 profiles are active: "druid", "dev"
13:11:53.185 [background-preinit] INFO  o.h.v.i.util.Version - [<clinit>,21] - HV000001: Hibernate Validator 8.0.1.Final
13:11:53.222 [main] INFO  c.b.w.BroadApplication - [logStarting,50] - Starting BroadApplication using Java 21.0.2 with PID 5404 (D:\dev\IdeaProjects\broad-admin-service\broad-admin\target\classes started by 10322 in D:\dev\IdeaProjects\broad-admin-service\broad-admin)
13:11:53.224 [main] INFO  c.b.w.BroadApplication - [logStartupProfileInfo,668] - The following 2 profiles are active: "druid", "dev"
13:12:51.345 [background-preinit] INFO  o.h.v.i.util.Version - [<clinit>,21] - HV000001: Hibernate Validator 8.0.1.Final
13:12:51.371 [main] INFO  c.b.w.BroadApplication - [logStarting,50] - Starting BroadApplication using Java 21.0.2 with PID 29660 (D:\dev\IdeaProjects\broad-admin-service\broad-admin\target\classes started by 10322 in D:\dev\IdeaProjects\broad-admin-service\broad-admin)
13:12:51.373 [main] INFO  c.b.w.BroadApplication - [logStartupProfileInfo,668] - The following 2 profiles are active: "druid", "dev"
13:30:29.736 [background-preinit] INFO  o.h.v.i.util.Version - [<clinit>,21] - HV000001: Hibernate Validator 8.0.1.Final
13:30:29.764 [main] INFO  c.b.w.BroadApplication - [logStarting,50] - Starting BroadApplication using Java 21.0.2 with PID 32476 (D:\dev\IdeaProjects\broad-admin-service\broad-admin\target\classes started by 10322 in D:\dev\IdeaProjects\broad-admin-service\broad-admin)
13:30:29.765 [main] INFO  c.b.w.BroadApplication - [logStartupProfileInfo,668] - The following 2 profiles are active: "druid", "dev"
13:31:07.197 [background-preinit] INFO  o.h.v.i.util.Version - [<clinit>,21] - HV000001: Hibernate Validator 8.0.1.Final
13:31:07.249 [main] INFO  c.b.w.BroadApplication - [logStarting,50] - Starting BroadApplication using Java 21.0.2 with PID 28232 (D:\dev\IdeaProjects\broad-admin-service\broad-admin\target\classes started by 10322 in D:\dev\IdeaProjects\broad-admin-service\broad-admin)
13:31:07.252 [main] INFO  c.b.w.BroadApplication - [logStartupProfileInfo,668] - The following 2 profiles are active: "druid", "dev"
13:32:49.096 [background-preinit] INFO  o.h.v.i.util.Version - [<clinit>,21] - HV000001: Hibernate Validator 8.0.1.Final
13:32:49.126 [main] INFO  c.b.w.BroadApplication - [logStarting,50] - Starting BroadApplication using Java 21.0.2 with PID 25564 (D:\dev\IdeaProjects\broad-admin-service\broad-admin\target\classes started by 10322 in D:\dev\IdeaProjects\broad-admin-service\broad-admin)
13:32:49.127 [main] INFO  c.b.w.BroadApplication - [logStartupProfileInfo,668] - The following 2 profiles are active: "druid", "dev"
13:33:43.937 [background-preinit] INFO  o.h.v.i.util.Version - [<clinit>,21] - HV000001: Hibernate Validator 8.0.1.Final
13:33:43.967 [main] INFO  c.b.w.BroadApplication - [logStarting,50] - Starting BroadApplication using Java 21.0.2 with PID 29304 (D:\dev\IdeaProjects\broad-admin-service\broad-admin\target\classes started by 10322 in D:\dev\IdeaProjects\broad-admin-service\broad-admin)
13:33:43.968 [main] INFO  c.b.w.BroadApplication - [logStartupProfileInfo,668] - The following 2 profiles are active: "druid", "dev"
13:35:07.107 [background-preinit] INFO  o.h.v.i.util.Version - [<clinit>,21] - HV000001: Hibernate Validator 8.0.1.Final
13:35:07.135 [main] INFO  c.b.w.BroadApplication - [logStarting,50] - Starting BroadApplication using Java 21.0.2 with PID 34100 (D:\dev\IdeaProjects\broad-admin-service\broad-admin\target\classes started by 10322 in D:\dev\IdeaProjects\broad-admin-service\broad-admin)
13:35:07.136 [main] INFO  c.b.w.BroadApplication - [logStartupProfileInfo,668] - The following 2 profiles are active: "druid", "dev"
13:37:29.334 [background-preinit] INFO  o.h.v.i.util.Version - [<clinit>,21] - HV000001: Hibernate Validator 8.0.1.Final
13:37:29.362 [main] INFO  c.b.w.BroadApplication - [logStarting,50] - Starting BroadApplication using Java 21.0.2 with PID 27064 (D:\dev\IdeaProjects\broad-admin-service\broad-admin\target\classes started by 10322 in D:\dev\IdeaProjects\broad-admin-service\broad-admin)
13:37:29.363 [main] INFO  c.b.w.BroadApplication - [logStartupProfileInfo,668] - The following 2 profiles are active: "druid", "dev"
13:38:32.453 [background-preinit] INFO  o.h.v.i.util.Version - [<clinit>,21] - HV000001: Hibernate Validator 8.0.1.Final
13:38:32.480 [main] INFO  c.b.w.BroadApplication - [logStarting,50] - Starting BroadApplication using Java 21.0.2 with PID 33292 (D:\dev\IdeaProjects\broad-admin-service\broad-admin\target\classes started by 10322 in D:\dev\IdeaProjects\broad-admin-service\broad-admin)
13:38:32.481 [main] INFO  c.b.w.BroadApplication - [logStartupProfileInfo,668] - The following 2 profiles are active: "druid", "dev"
13:39:50.456 [background-preinit] INFO  o.h.v.i.util.Version - [<clinit>,21] - HV000001: Hibernate Validator 8.0.1.Final
13:39:50.486 [main] INFO  c.b.w.BroadApplication - [logStarting,50] - Starting BroadApplication using Java 21.0.2 with PID 33908 (D:\dev\IdeaProjects\broad-admin-service\broad-admin\target\classes started by 10322 in D:\dev\IdeaProjects\broad-admin-service\broad-admin)
13:39:50.488 [main] INFO  c.b.w.BroadApplication - [logStartupProfileInfo,668] - The following 2 profiles are active: "druid", "dev"
14:13:45.604 [background-preinit] INFO  o.h.v.i.util.Version - [<clinit>,21] - HV000001: Hibernate Validator 8.0.1.Final
14:13:45.629 [main] INFO  c.b.w.BroadApplication - [logStarting,50] - Starting BroadApplication using Java 21.0.2 with PID 24908 (D:\dev\IdeaProjects\broad-admin-service\broad-admin\target\classes started by 10322 in D:\dev\IdeaProjects\broad-admin-service\broad-admin)
14:13:45.630 [main] INFO  c.b.w.BroadApplication - [logStartupProfileInfo,668] - The following 2 profiles are active: "druid", "dev"
14:13:47.112 [main] INFO  o.a.c.h.Http11NioProtocol - [log,173] - Initializing ProtocolHandler ["http-nio-9010"]
14:13:47.114 [main] INFO  o.a.c.c.StandardService - [log,173] - Starting service [Tomcat]
14:13:47.115 [main] INFO  o.a.c.c.StandardEngine - [log,173] - Starting Servlet engine: [Apache Tomcat/10.1.17]
14:13:47.285 [main] INFO  o.a.c.c.C.[.[.[/] - [log,173] - Initializing Spring embedded WebApplicationContext
14:13:47.305 [main] INFO  c.b.f.c.FilterConfig - [xssFilterRegistrationBean,61] - xss filter is inited.
14:13:47.401 [main] INFO  o.q.i.StdSchedulerFactory - [instantiate,1220] - Using default implementation for ThreadExecutor
14:13:47.412 [main] INFO  o.q.c.SchedulerSignalerImpl - [<init>,61] - Initialized Scheduler Signaller of type: class org.quartz.core.SchedulerSignalerImpl
14:13:47.413 [main] INFO  o.q.c.QuartzScheduler - [<init>,229] - Quartz Scheduler v.2.3.2 created.
14:13:47.414 [main] INFO  o.q.s.RAMJobStore - [initialize,155] - RAMJobStore initialized.
14:13:47.415 [main] INFO  o.q.c.QuartzScheduler - [initialize,294] - Scheduler meta-data: Quartz Scheduler (v2.3.2) 'quartzScheduler' with instanceId 'NON_CLUSTERED'
  Scheduler class: 'org.quartz.core.QuartzScheduler' - running locally.
  NOT STARTED.
  Currently in standby mode.
  Number of jobs executed: 0
  Using thread pool 'org.quartz.simpl.SimpleThreadPool' - with 10 threads.
  Using job-store 'org.quartz.simpl.RAMJobStore' - which does not support persistence. and is not clustered.

14:13:47.415 [main] INFO  o.q.i.StdSchedulerFactory - [instantiate,1374] - Quartz scheduler 'quartzScheduler' initialized from an externally provided properties instance.
14:13:47.416 [main] INFO  o.q.i.StdSchedulerFactory - [instantiate,1378] - Quartz scheduler version: 2.3.2
14:13:47.416 [main] INFO  o.q.c.QuartzScheduler - [setJobFactory,2293] - JobFactory set to: org.springframework.scheduling.quartz.SpringBeanJobFactory@6e948f1c
14:13:47.433 [main] INFO  o.q.c.QuartzScheduler - [shutdown,666] - Scheduler quartzScheduler_$_NON_CLUSTERED shutting down.
14:13:47.433 [main] INFO  o.q.c.QuartzScheduler - [standby,585] - Scheduler quartzScheduler_$_NON_CLUSTERED paused.
14:13:47.434 [main] INFO  o.q.c.QuartzScheduler - [shutdown,740] - Scheduler quartzScheduler_$_NON_CLUSTERED shutdown complete.
14:13:47.437 [main] INFO  o.a.c.c.StandardService - [log,173] - Stopping service [Tomcat]
14:14:51.610 [background-preinit] INFO  o.h.v.i.util.Version - [<clinit>,21] - HV000001: Hibernate Validator 8.0.1.Final
14:14:51.633 [main] INFO  c.b.w.BroadApplication - [logStarting,50] - Starting BroadApplication using Java 21.0.2 with PID 22556 (D:\dev\IdeaProjects\broad-admin-service\broad-admin\target\classes started by 10322 in D:\dev\IdeaProjects\broad-admin-service\broad-admin)
14:14:51.635 [main] INFO  c.b.w.BroadApplication - [logStartupProfileInfo,668] - The following 2 profiles are active: "druid", "dev"
14:14:52.883 [main] INFO  o.a.c.h.Http11NioProtocol - [log,173] - Initializing ProtocolHandler ["http-nio-9010"]
14:14:52.886 [main] INFO  o.a.c.c.StandardService - [log,173] - Starting service [Tomcat]
14:14:52.887 [main] INFO  o.a.c.c.StandardEngine - [log,173] - Starting Servlet engine: [Apache Tomcat/10.1.17]
14:14:52.953 [main] INFO  o.a.c.c.C.[.[.[/] - [log,173] - Initializing Spring embedded WebApplicationContext
14:14:52.971 [main] INFO  c.b.f.c.FilterConfig - [xssFilterRegistrationBean,61] - xss filter is inited.
14:14:53.055 [main] INFO  o.q.i.StdSchedulerFactory - [instantiate,1220] - Using default implementation for ThreadExecutor
14:14:53.061 [main] INFO  o.q.c.SchedulerSignalerImpl - [<init>,61] - Initialized Scheduler Signaller of type: class org.quartz.core.SchedulerSignalerImpl
14:14:53.062 [main] INFO  o.q.c.QuartzScheduler - [<init>,229] - Quartz Scheduler v.2.3.2 created.
14:14:53.063 [main] INFO  o.q.s.RAMJobStore - [initialize,155] - RAMJobStore initialized.
14:14:53.063 [main] INFO  o.q.c.QuartzScheduler - [initialize,294] - Scheduler meta-data: Quartz Scheduler (v2.3.2) 'quartzScheduler' with instanceId 'NON_CLUSTERED'
  Scheduler class: 'org.quartz.core.QuartzScheduler' - running locally.
  NOT STARTED.
  Currently in standby mode.
  Number of jobs executed: 0
  Using thread pool 'org.quartz.simpl.SimpleThreadPool' - with 10 threads.
  Using job-store 'org.quartz.simpl.RAMJobStore' - which does not support persistence. and is not clustered.

14:14:53.064 [main] INFO  o.q.i.StdSchedulerFactory - [instantiate,1374] - Quartz scheduler 'quartzScheduler' initialized from an externally provided properties instance.
14:14:53.064 [main] INFO  o.q.i.StdSchedulerFactory - [instantiate,1378] - Quartz scheduler version: 2.3.2
14:14:53.064 [main] INFO  o.q.c.QuartzScheduler - [setJobFactory,2293] - JobFactory set to: org.springframework.scheduling.quartz.SpringBeanJobFactory@182cc69e
14:15:12.853 [main] INFO  c.a.d.p.DruidDataSource - [init,1009] - {dataSource-1} inited
14:15:13.466 [main] INFO  c.a.d.p.DruidDataSource - [close,2174] - {dataSource-0} closing ...
14:15:13.466 [main] INFO  c.a.d.p.DruidDataSource - [close,2174] - {dataSource-1} closing ...
14:15:13.473 [main] INFO  c.a.d.p.DruidDataSource - [close,2247] - {dataSource-1} closed
14:15:13.474 [main] INFO  o.q.c.QuartzScheduler - [shutdown,666] - Scheduler quartzScheduler_$_NON_CLUSTERED shutting down.
14:15:13.475 [main] INFO  o.q.c.QuartzScheduler - [standby,585] - Scheduler quartzScheduler_$_NON_CLUSTERED paused.
14:15:13.475 [main] INFO  o.q.c.QuartzScheduler - [shutdown,740] - Scheduler quartzScheduler_$_NON_CLUSTERED shutdown complete.
14:15:13.479 [main] INFO  o.a.c.c.StandardService - [log,173] - Stopping service [Tomcat]
14:16:11.406 [background-preinit] INFO  o.h.v.i.util.Version - [<clinit>,21] - HV000001: Hibernate Validator 8.0.1.Final
14:16:11.430 [main] INFO  c.b.w.BroadApplication - [logStarting,50] - Starting BroadApplication using Java 21.0.2 with PID 34468 (D:\dev\IdeaProjects\broad-admin-service\broad-admin\target\classes started by 10322 in D:\dev\IdeaProjects\broad-admin-service\broad-admin)
14:16:11.431 [main] INFO  c.b.w.BroadApplication - [logStartupProfileInfo,668] - The following 2 profiles are active: "druid", "dev"
14:16:12.666 [main] INFO  o.a.c.h.Http11NioProtocol - [log,173] - Initializing ProtocolHandler ["http-nio-9010"]
14:16:12.669 [main] INFO  o.a.c.c.StandardService - [log,173] - Starting service [Tomcat]
14:16:12.670 [main] INFO  o.a.c.c.StandardEngine - [log,173] - Starting Servlet engine: [Apache Tomcat/10.1.17]
14:16:12.734 [main] INFO  o.a.c.c.C.[.[.[/] - [log,173] - Initializing Spring embedded WebApplicationContext
14:16:12.753 [main] INFO  c.b.f.c.FilterConfig - [xssFilterRegistrationBean,61] - xss filter is inited.
14:16:12.838 [main] INFO  o.q.i.StdSchedulerFactory - [instantiate,1220] - Using default implementation for ThreadExecutor
14:16:12.845 [main] INFO  o.q.c.SchedulerSignalerImpl - [<init>,61] - Initialized Scheduler Signaller of type: class org.quartz.core.SchedulerSignalerImpl
14:16:12.845 [main] INFO  o.q.c.QuartzScheduler - [<init>,229] - Quartz Scheduler v.2.3.2 created.
14:16:12.846 [main] INFO  o.q.s.RAMJobStore - [initialize,155] - RAMJobStore initialized.
14:16:12.847 [main] INFO  o.q.c.QuartzScheduler - [initialize,294] - Scheduler meta-data: Quartz Scheduler (v2.3.2) 'quartzScheduler' with instanceId 'NON_CLUSTERED'
  Scheduler class: 'org.quartz.core.QuartzScheduler' - running locally.
  NOT STARTED.
  Currently in standby mode.
  Number of jobs executed: 0
  Using thread pool 'org.quartz.simpl.SimpleThreadPool' - with 10 threads.
  Using job-store 'org.quartz.simpl.RAMJobStore' - which does not support persistence. and is not clustered.

14:16:12.847 [main] INFO  o.q.i.StdSchedulerFactory - [instantiate,1374] - Quartz scheduler 'quartzScheduler' initialized from an externally provided properties instance.
14:16:12.848 [main] INFO  o.q.i.StdSchedulerFactory - [instantiate,1378] - Quartz scheduler version: 2.3.2
14:16:12.848 [main] INFO  o.q.c.QuartzScheduler - [setJobFactory,2293] - JobFactory set to: org.springframework.scheduling.quartz.SpringBeanJobFactory@182cc69e
14:16:32.180 [main] INFO  c.a.d.p.DruidDataSource - [init,1009] - {dataSource-1} inited
14:16:33.383 [main] INFO  c.b.f.c.ThreadPoolConfig - [asyncServiceExecutor,46] - start asyncServiceExecutor...
14:16:33.389 [main] INFO  c.b.f.c.ThreadPoolConfig - [asyncLogExecutor,71] - start asyncLogExecutor...
14:16:33.753 [main] INFO  c.b.f.s.SaLogForSlf4j - [info,28] - 全局组件 SaLog 载入成功: com.broad.framework.security.SaLogForSlf4j
14:16:33.755 [main] INFO  c.b.f.s.SaLogForSlf4j - [info,28] - 全局配置 SaTokenConfig [tokenName=Authorization, timeout=2592000, activeTimeout=-1, dynamicActiveTimeout=false, isConcurrent=false, isShare=false, maxLoginCount=12, maxTryTimes=12, isReadBody=false, isReadHeader=true, isReadCookie=false, isWriteHeader=false, tokenStyle=uuid, dataRefreshPeriod=30, tokenSessionCheckLogin=true, autoRenew=true, tokenPrefix=null, isPrint=false, isLog=true, logLevel=trace, logLevelInt=1, isColorLog=false, jwtSecretKey=null, httpBasic=, httpDigest=, currDomain=null, sameTokenTimeout=86400, checkSameToken=false, cookie=SaCookieConfig [domain=null, path=null, secure=false, httpOnly=false, sameSite=null], sign=SaSignConfig [secretKey=null, timestampDisparity=900000]] 
14:16:33.757 [main] INFO  c.b.f.s.SaLogForSlf4j - [info,28] - 全局组件 SaTokenDao 载入成功: cn.dev33.satoken.dao.SaTokenDaoRedisJackson
14:16:33.760 [main] INFO  c.b.f.s.SaLogForSlf4j - [info,28] - 全局组件 StpInterface 载入成功: com.broad.framework.security.StpInterfaceImpl
14:16:33.763 [main] INFO  c.b.f.s.SaLogForSlf4j - [info,28] - 全局组件 SaTokenContext 载入成功: cn.dev33.satoken.spring.SaTokenContextForSpringInJakartaServlet
14:16:33.766 [main] INFO  c.b.f.s.SaLogForSlf4j - [info,28] - 全局组件 SaJsonTemplate 载入成功: cn.dev33.satoken.spring.json.SaJsonTemplateForJackson
14:16:33.813 [main] INFO  c.a.d.p.DruidDataSource - [close,2174] - {dataSource-0} closing ...
14:16:33.814 [main] INFO  c.a.d.p.DruidDataSource - [close,2174] - {dataSource-1} closing ...
14:16:33.819 [main] INFO  c.a.d.p.DruidDataSource - [close,2247] - {dataSource-1} closed
14:16:33.819 [main] INFO  o.q.c.QuartzScheduler - [shutdown,666] - Scheduler quartzScheduler_$_NON_CLUSTERED shutting down.
14:16:33.819 [main] INFO  o.q.c.QuartzScheduler - [standby,585] - Scheduler quartzScheduler_$_NON_CLUSTERED paused.
14:16:33.820 [main] INFO  o.q.c.QuartzScheduler - [shutdown,740] - Scheduler quartzScheduler_$_NON_CLUSTERED shutdown complete.
14:16:33.822 [main] INFO  o.a.c.c.StandardService - [log,173] - Stopping service [Tomcat]
14:30:49.180 [background-preinit] INFO  o.h.v.i.util.Version - [<clinit>,21] - HV000001: Hibernate Validator 8.0.1.Final
14:30:49.207 [main] INFO  c.b.w.BroadApplication - [logStarting,50] - Starting BroadApplication using Java 21.0.2 with PID 33344 (D:\dev\IdeaProjects\broad-admin-service\broad-admin\target\classes started by 10322 in D:\dev\IdeaProjects\broad-admin-service\broad-admin)
14:30:49.209 [main] INFO  c.b.w.BroadApplication - [logStartupProfileInfo,668] - The following 2 profiles are active: "druid", "dev"
14:30:50.576 [main] INFO  o.a.c.h.Http11NioProtocol - [log,173] - Initializing ProtocolHandler ["http-nio-9010"]
14:30:50.580 [main] INFO  o.a.c.c.StandardService - [log,173] - Starting service [Tomcat]
14:30:50.581 [main] INFO  o.a.c.c.StandardEngine - [log,173] - Starting Servlet engine: [Apache Tomcat/10.1.17]
14:30:50.656 [main] INFO  o.a.c.c.C.[.[.[/] - [log,173] - Initializing Spring embedded WebApplicationContext
14:30:50.673 [main] INFO  c.b.f.c.FilterConfig - [xssFilterRegistrationBean,61] - xss filter is inited.
14:30:50.762 [main] INFO  o.q.i.StdSchedulerFactory - [instantiate,1220] - Using default implementation for ThreadExecutor
14:30:50.769 [main] INFO  o.q.c.SchedulerSignalerImpl - [<init>,61] - Initialized Scheduler Signaller of type: class org.quartz.core.SchedulerSignalerImpl
14:30:50.769 [main] INFO  o.q.c.QuartzScheduler - [<init>,229] - Quartz Scheduler v.2.3.2 created.
14:30:50.770 [main] INFO  o.q.s.RAMJobStore - [initialize,155] - RAMJobStore initialized.
14:30:50.771 [main] INFO  o.q.c.QuartzScheduler - [initialize,294] - Scheduler meta-data: Quartz Scheduler (v2.3.2) 'quartzScheduler' with instanceId 'NON_CLUSTERED'
  Scheduler class: 'org.quartz.core.QuartzScheduler' - running locally.
  NOT STARTED.
  Currently in standby mode.
  Number of jobs executed: 0
  Using thread pool 'org.quartz.simpl.SimpleThreadPool' - with 10 threads.
  Using job-store 'org.quartz.simpl.RAMJobStore' - which does not support persistence. and is not clustered.

14:30:50.771 [main] INFO  o.q.i.StdSchedulerFactory - [instantiate,1374] - Quartz scheduler 'quartzScheduler' initialized from an externally provided properties instance.
14:30:50.771 [main] INFO  o.q.i.StdSchedulerFactory - [instantiate,1378] - Quartz scheduler version: 2.3.2
14:30:50.771 [main] INFO  o.q.c.QuartzScheduler - [setJobFactory,2293] - JobFactory set to: org.springframework.scheduling.quartz.SpringBeanJobFactory@601f264d
14:31:10.280 [main] INFO  c.a.d.p.DruidDataSource - [init,1009] - {dataSource-1} inited
14:31:11.483 [main] INFO  c.b.f.c.ThreadPoolConfig - [asyncServiceExecutor,46] - start asyncServiceExecutor...
14:31:11.490 [main] INFO  c.b.f.c.ThreadPoolConfig - [asyncLogExecutor,71] - start asyncLogExecutor...
14:31:11.855 [main] INFO  c.b.f.s.SaLogForSlf4j - [info,28] - 全局组件 SaLog 载入成功: com.broad.framework.security.SaLogForSlf4j
14:31:11.856 [main] INFO  c.b.f.s.SaLogForSlf4j - [info,28] - 全局配置 SaTokenConfig [tokenName=Authorization, timeout=2592000, activeTimeout=-1, dynamicActiveTimeout=false, isConcurrent=false, isShare=false, maxLoginCount=12, maxTryTimes=12, isReadBody=false, isReadHeader=true, isReadCookie=false, isWriteHeader=false, tokenStyle=uuid, dataRefreshPeriod=30, tokenSessionCheckLogin=true, autoRenew=true, tokenPrefix=null, isPrint=false, isLog=true, logLevel=trace, logLevelInt=1, isColorLog=false, jwtSecretKey=null, httpBasic=, httpDigest=, currDomain=null, sameTokenTimeout=86400, checkSameToken=false, cookie=SaCookieConfig [domain=null, path=null, secure=false, httpOnly=false, sameSite=null], sign=SaSignConfig [secretKey=null, timestampDisparity=900000]] 
14:31:11.858 [main] INFO  c.b.f.s.SaLogForSlf4j - [info,28] - 全局组件 SaTokenDao 载入成功: cn.dev33.satoken.dao.SaTokenDaoRedisJackson
14:31:11.860 [main] INFO  c.b.f.s.SaLogForSlf4j - [info,28] - 全局组件 StpInterface 载入成功: com.broad.framework.security.StpInterfaceImpl
14:31:11.862 [main] INFO  c.b.f.s.SaLogForSlf4j - [info,28] - 全局组件 SaTokenContext 载入成功: cn.dev33.satoken.spring.SaTokenContextForSpringInJakartaServlet
14:31:11.864 [main] INFO  c.b.f.s.SaLogForSlf4j - [info,28] - 全局组件 SaJsonTemplate 载入成功: cn.dev33.satoken.spring.json.SaJsonTemplateForJackson
14:31:12.060 [main] INFO  o.a.c.h.Http11NioProtocol - [log,173] - Starting ProtocolHandler ["http-nio-9010"]
14:31:12.088 [main] INFO  o.q.c.QuartzScheduler - [start,547] - Scheduler quartzScheduler_$_NON_CLUSTERED started.
14:31:12.094 [main] INFO  c.b.w.BroadApplication - [logStarted,56] - Started BroadApplication in 23.167 seconds (process running for 23.601)
14:31:12.098 [main] INFO  c.b.w.BroadApplication - [main,29] - Broad-Admin Startup completed, compilation time: 2025-01-14 14:31:12, total time: 23220ms
14:33:00.815 [SpringApplicationShutdownHook] INFO  o.q.c.QuartzScheduler - [standby,585] - Scheduler quartzScheduler_$_NON_CLUSTERED paused.
14:33:00.855 [SpringApplicationShutdownHook] INFO  c.a.d.p.DruidDataSource - [close,2174] - {dataSource-0} closing ...
14:33:00.855 [SpringApplicationShutdownHook] INFO  c.a.d.p.DruidDataSource - [close,2174] - {dataSource-1} closing ...
14:33:00.865 [SpringApplicationShutdownHook] INFO  c.a.d.p.DruidDataSource - [close,2247] - {dataSource-1} closed
14:33:00.867 [SpringApplicationShutdownHook] INFO  o.q.c.QuartzScheduler - [shutdown,666] - Scheduler quartzScheduler_$_NON_CLUSTERED shutting down.
14:33:00.867 [SpringApplicationShutdownHook] INFO  o.q.c.QuartzScheduler - [standby,585] - Scheduler quartzScheduler_$_NON_CLUSTERED paused.
14:33:00.868 [SpringApplicationShutdownHook] INFO  o.q.c.QuartzScheduler - [shutdown,740] - Scheduler quartzScheduler_$_NON_CLUSTERED shutdown complete.
